<?xml version="1.0" encoding="UTF-8"?>
<!-- Generated by org.testng.reporters.JUnitReportReporter -->
<testsuite skipped="0" hostname="DESKTOP-GF47L8C" name="vnc.handzap.Newpost" tests="1" failures="0" timestamp="08 Jan 2020 07:33:19 GMT" time="97.708" errors="0">
  <testcase name="testUntitled" time="97.708" classname="vnc.handzap.Newpost"/>
</testsuite> <!-- vnc.handzap.Newpost -->
