<?xml version="1.0" encoding="UTF-8"?>
<!-- Generated by org.testng.reporters.JUnitReportReporter -->
<testsuite skipped="0" hostname="DESKTOP-GF47L8C" name="vnc.handzap.FindAJob" tests="1" failures="0" timestamp="09 Jan 2020 11:00:51 GMT" time="71.729" errors="0">
  <testcase name="testUntitled" time="71.729" classname="vnc.handzap.FindAJob"/>
</testsuite> <!-- vnc.handzap.FindAJob -->
